<?xml version="1.0" encoding="UTF-8"?>
<!-- Generated by org.testng.reporters.JUnitReportReporter -->
<testsuite hostname="DESKTOP-01LCE9Q" failures="0" tests="1" name="com.hrm.TestCases.TC_LoginPageTest" time="11.084" errors="0" timestamp="2024-02-28T16:15:36 IST" skipped="0">
  <testcase classname="com.hrm.TestCases.TC_LoginPageTest" name="VerifyloginisSuccessful" time="11.084"/>
  <system-out/>
</testsuite> <!-- com.hrm.TestCases.TC_LoginPageTest -->
